Domain/App Development/Task/Sthitiprajna_cse_044/app/build/intermediates/manifest_merge_blame_file/debug/manifest-merger-blame-debug-report.txt
1<?xml version="1.0" encoding="utf-8"?>
2<manifest xmlns:android="http://schemas.android.com/apk/res/android"
3    package="com.maharana.notesapp"
4    android:versionCode="1"
5    android:versionName="1.0" >
6
7    <uses-sdk
8        android:minSdkVersion="24"
9        android:targetSdkVersion="34" />
10
11    <uses-permission android:name="android.permission.RECORD_AUDIO" />
11-->src\main\AndroidManifest.xml:5:5-71
11-->src\main\AndroidManifest.xml:5:22-68
12    <uses-permission android:name="android.permission.CAMERA" />
12-->src\main\AndroidManifest.xml:6:5-65
12-->src\main\AndroidManifest.xml:6:22-62
13    <uses-permission android:name="android.permission.READ_MEDIA_IMAGES" />
13-->src\main\AndroidManifest.xml:7:5-76
13-->src\main\AndroidManifest.xml:7:22-73
14    <uses-permission
14-->src\main\AndroidManifest.xml:8:5-107
15        android:name="android.permission.READ_EXTERNAL_STORAGE"
15-->src\main\AndroidManifest.xml:8:22-77
16        android:maxSdkVersion="32" />
16-->src\main\AndroidManifest.xml:8:78-104
17    <uses-permission android:name="android.permission.WRITE_EXTERNAL_STORAGE" />
17-->src\main\AndroidManifest.xml:9:5-81
17-->src\main\AndroidManifest.xml:9:22-78
18
19    <permission
19-->[androidx.core:core:1.12.0] AndroidManifest.xml:22:5-24:47
20        android:name="com.maharana.notesapp.DYNAMIC_RECEIVER_NOT_EXPORTED_PERMISSION"
20-->[androidx.core:core:1.12.0] AndroidManifest.xml:23:9-81
21        android:protectionLevel="signature" />
21-->[androidx.core:core:1.12.0] AndroidManifest.xml:24:9-44
22
23    <uses-permission android:name="com.maharana.notesapp.DYNAMIC_RECEIVER_NOT_EXPORTED_PERMISSION" />
23-->[androidx.core:core:1.12.0] AndroidManifest.xml:26:5-97
23-->[androidx.core:core:1.12.0] AndroidManifest.xml:26:22-94
24
25    <application
25-->src\main\AndroidManifest.xml:11:5-41:19
26        android:name="com.maharana.notesapp.NotesApplication"
26-->src\main\AndroidManifest.xml:12:9-41
27        android:allowBackup="true"
27-->src\main\AndroidManifest.xml:13:9-35
28        android:appComponentFactory="androidx.core.app.CoreComponentFactory"
28-->[androidx.core:core:1.12.0] AndroidManifest.xml:28:18-86
29        android:debuggable="true"
30        android:extractNativeLibs="false"
31        android:icon="@android:mipmap/sym_def_app_icon"
31-->src\main\AndroidManifest.xml:14:9-56
32        android:label="@string/app_name"
32-->src\main\AndroidManifest.xml:15:9-41
33        android:roundIcon="@android:mipmap/sym_def_app_icon"
33-->src\main\AndroidManifest.xml:16:9-61
34        android:supportsRtl="true"
34-->src\main\AndroidManifest.xml:17:9-35
35        android:testOnly="true"
36        android:theme="@style/Theme.NotesApp" >
36-->src\main\AndroidManifest.xml:18:9-46
37        <activity
37-->src\main\AndroidManifest.xml:21:9-30:20
38            android:name="com.maharana.notesapp.MainActivity"
38-->src\main\AndroidManifest.xml:22:13-41
39            android:exported="true"
39-->src\main\AndroidManifest.xml:23:13-36
40            android:label="@string/app_name"
40-->src\main\AndroidManifest.xml:24:13-45
41            android:theme="@style/Theme.NotesApp" >
41-->src\main\AndroidManifest.xml:25:13-50
42            <intent-filter>
42-->src\main\AndroidManifest.xml:26:13-29:29
43                <action android:name="android.intent.action.MAIN" />
43-->src\main\AndroidManifest.xml:27:17-69
43-->src\main\AndroidManifest.xml:27:25-66
44
45                <category android:name="android.intent.category.LAUNCHER" />
45-->src\main\AndroidManifest.xml:28:17-77
45-->src\main\AndroidManifest.xml:28:27-74
46            </intent-filter>
47        </activity>
48
49        <provider
50            android:name="androidx.core.content.FileProvider"
50-->src\main\AndroidManifest.xml:33:13-62
51            android:authorities="com.maharana.notesapp.provider"
51-->src\main\AndroidManifest.xml:34:13-60
52            android:exported="false"
52-->src\main\AndroidManifest.xml:35:13-37
53            android:grantUriPermissions="true" >
53-->src\main\AndroidManifest.xml:36:13-47
54            <meta-data
54-->src\main\AndroidManifest.xml:37:13-39:54
55                android:name="android.support.FILE_PROVIDER_PATHS"
55-->src\main\AndroidManifest.xml:38:17-67
56                android:resource="@xml/file_paths" />
56-->src\main\AndroidManifest.xml:39:17-51
57        </provider>
58
59        <activity
59-->[androidx.compose.ui:ui-tooling-android:1.5.4] AndroidManifest.xml:23:9-25:39
60            android:name="androidx.compose.ui.tooling.PreviewActivity"
60-->[androidx.compose.ui:ui-tooling-android:1.5.4] AndroidManifest.xml:24:13-71
61            android:exported="true" />
61-->[androidx.compose.ui:ui-tooling-android:1.5.4] AndroidManifest.xml:25:13-36
62        <activity
62-->[androidx.compose.ui:ui-test-manifest:1.5.4] AndroidManifest.xml:23:9-25:39
63            android:name="androidx.activity.ComponentActivity"
63-->[androidx.compose.ui:ui-test-manifest:1.5.4] AndroidManifest.xml:24:13-63
64            android:exported="true" />
64-->[androidx.compose.ui:ui-test-manifest:1.5.4] AndroidManifest.xml:25:13-36
65
66        <provider
66-->[androidx.emoji2:emoji2:1.4.0] AndroidManifest.xml:24:9-32:20
67            android:name="androidx.startup.InitializationProvider"
67-->[androidx.emoji2:emoji2:1.4.0] AndroidManifest.xml:25:13-67
68            android:authorities="com.maharana.notesapp.androidx-startup"
68-->[androidx.emoji2:emoji2:1.4.0] AndroidManifest.xml:26:13-68
69            android:exported="false" >
69-->[androidx.emoji2:emoji2:1.4.0] AndroidManifest.xml:27:13-37
70            <meta-data
70-->[androidx.emoji2:emoji2:1.4.0] AndroidManifest.xml:29:13-31:52
71                android:name="androidx.emoji2.text.EmojiCompatInitializer"
71-->[androidx.emoji2:emoji2:1.4.0] AndroidManifest.xml:30:17-75
72                android:value="androidx.startup" />
72-->[androidx.emoji2:emoji2:1.4.0] AndroidManifest.xml:31:17-49
73            <meta-data
73-->[androidx.lifecycle:lifecycle-process:2.6.2] AndroidManifest.xml:29:13-31:52
74                android:name="androidx.lifecycle.ProcessLifecycleInitializer"
74-->[androidx.lifecycle:lifecycle-process:2.6.2] AndroidManifest.xml:30:17-78
75                android:value="androidx.startup" />
75-->[androidx.lifecycle:lifecycle-process:2.6.2] AndroidManifest.xml:31:17-49
76            <meta-data
76-->[androidx.profileinstaller:profileinstaller:1.3.1] AndroidManifest.xml:29:13-31:52
77                android:name="androidx.profileinstaller.ProfileInstallerInitializer"
77-->[androidx.profileinstaller:profileinstaller:1.3.1] AndroidManifest.xml:30:17-85
78                android:value="androidx.startup" />
78-->[androidx.profileinstaller:profileinstaller:1.3.1] AndroidManifest.xml:31:17-49
79        </provider>
80
81        <service
81-->[androidx.room:room-runtime:2.6.1] AndroidManifest.xml:24:9-28:63
82            android:name="androidx.room.MultiInstanceInvalidationService"
82-->[androidx.room:room-runtime:2.6.1] AndroidManifest.xml:25:13-74
83            android:directBootAware="true"
83-->[androidx.room:room-runtime:2.6.1] AndroidManifest.xml:26:13-43
84            android:exported="false" />
84-->[androidx.room:room-runtime:2.6.1] AndroidManifest.xml:27:13-37
85
86        <receiver
86-->[androidx.profileinstaller:profileinstaller:1.3.1] AndroidManifest.xml:34:9-52:20
87            android:name="androidx.profileinstaller.ProfileInstallReceiver"
87-->[androidx.profileinstaller:profileinstaller:1.3.1] AndroidManifest.xml:35:13-76
88            android:directBootAware="false"
88-->[androidx.profileinstaller:profileinstaller:1.3.1] AndroidManifest.xml:36:13-44
89            android:enabled="true"
89-->[androidx.profileinstaller:profileinstaller:1.3.1] AndroidManifest.xml:37:13-35
90            android:exported="true"
90-->[androidx.profileinstaller:profileinstaller:1.3.1] AndroidManifest.xml:38:13-36
91            android:permission="android.permission.DUMP" >
91-->[androidx.profileinstaller:profileinstaller:1.3.1] AndroidManifest.xml:39:13-57
92            <intent-filter>
92-->[androidx.profileinstaller:profileinstaller:1.3.1] AndroidManifest.xml:40:13-42:29
93                <action android:name="androidx.profileinstaller.action.INSTALL_PROFILE" />
93-->[androidx.profileinstaller:profileinstaller:1.3.1] AndroidManifest.xml:41:17-91
93-->[androidx.profileinstaller:profileinstaller:1.3.1] AndroidManifest.xml:41:25-88
94            </intent-filter>
95            <intent-filter>
95-->[androidx.profileinstaller:profileinstaller:1.3.1] AndroidManifest.xml:43:13-45:29
96                <action android:name="androidx.profileinstaller.action.SKIP_FILE" />
96-->[androidx.profileinstaller:profileinstaller:1.3.1] AndroidManifest.xml:44:17-85
96-->[androidx.profileinstaller:profileinstaller:1.3.1] AndroidManifest.xml:44:25-82
97            </intent-filter>
98            <intent-filter>
98-->[androidx.profileinstaller:profileinstaller:1.3.1] AndroidManifest.xml:46:13-48:29
99                <action android:name="androidx.profileinstaller.action.SAVE_PROFILE" />
99-->[androidx.profileinstaller:profileinstaller:1.3.1] AndroidManifest.xml:47:17-88
99-->[androidx.profileinstaller:profileinstaller:1.3.1] AndroidManifest.xml:47:25-85
100            </intent-filter>
101            <intent-filter>
101-->[androidx.profileinstaller:profileinstaller:1.3.1] AndroidManifest.xml:49:13-51:29
102                <action android:name="androidx.profileinstaller.action.BENCHMARK_OPERATION" />
102-->[androidx.profileinstaller:profileinstaller:1.3.1] AndroidManifest.xml:50:17-95
102-->[androidx.profileinstaller:profileinstaller:1.3.1] AndroidManifest.xml:50:25-92
103            </intent-filter>
104        </receiver>
105    </application>
106
107</manifest>